# JRE version: Java(TM) SE Runtime Environment (15.0+36) (build 15+36-1562)
# Java VM: Java HotSpot(TM) 64-Bit Server VM (15+36-1562, mixed mode, sharing, tiered, compressed oops, g1 gc, windows-amd64)
GC Precious Log:
 CPUs: 4 total, 4 available
 Memory: 8144M
 Large Page Support: Disabled
 NUMA Support: Disabled
 Compressed Oops: Enabled (32-bit)
 Heap Region Size: 1M
 Heap Min Capacity: 8M
 Heap Initial Capacity: 128M
 Heap Max Capacity: 2038M
 Pre-touch: Disabled
 Parallel Workers: 4
 Concurrent Workers: 1
 Concurrent Refinement Workers: 4
 Periodic GC: Disabled
Heap:
 garbage-first heap   total 131072K, used 29502K [0x0000000080a00000, 0x0000000100000000)
  region size 1024K, 14 young (14336K), 2 survivors (2048K)
 Metaspace       used 11285K, capacity 11497K, committed 11776K, reserved 1060864K
  class space    used 1122K, capacity 1200K, committed 1280K, reserved 1048576K
GC Heap History (6 events):
Event: 0.623 GC heap before
{Heap before GC invocations=0 (full 0):
 garbage-first heap   total 131072K, used 18432K [0x0000000080a00000, 0x0000000100000000)
  region size 1024K, 13 young (13312K), 0 survivors (0K)
 Metaspace       used 4745K, capacity 4856K, committed 4992K, reserved 1056768K
  class space    used 516K, capacity 569K, committed 640K, reserved 1048576K
}
Event: 0.628 GC heap after
{Heap after GC invocations=1 (full 0):
 garbage-first heap   total 131072K, used 9246K [0x0000000080a00000, 0x0000000100000000)
  region size 1024K, 2 young (2048K), 2 survivors (2048K)
 Metaspace       used 4745K, capacity 4856K, committed 4992K, reserved 1056768K
  class space    used 516K, capacity 569K, committed 640K, reserved 1048576K
}
Event: 1.161 GC heap before
{Heap before GC invocations=1 (full 0):
 garbage-first heap   total 131072K, used 26654K [0x0000000080a00000, 0x0000000100000000)
  region size 1024K, 14 young (14336K), 2 survivors (2048K)
 Metaspace       used 8430K, capacity 8592K, committed 8704K, reserved 1056768K
  class space    used 927K, capacity 1001K, committed 1024K, reserved 1048576K
}
Event: 1.164 GC heap after
{Heap after GC invocations=2 (full 0):
 garbage-first heap   total 131072K, used 16713K [0x0000000080a00000, 0x0000000100000000)
  region size 1024K, 2 young (2048K), 2 survivors (2048K)
 Metaspace       used 8430K, capacity 8592K, committed 8704K, reserved 1056768K
  class space    used 927K, capacity 1001K, committed 1024K, reserved 1048576K
}
Event: 6.408 GC heap before
{Heap before GC invocations=2 (full 0):
 garbage-first heap   total 131072K, used 39241K [0x0000000080a00000, 0x0000000100000000)
  region size 1024K, 24 young (24576K), 2 survivors (2048K)
 Metaspace       used 11082K, capacity 11240K, committed 11520K, reserved 1058816K
  class space    used 1122K, capacity 1200K, committed 1280K, reserved 1048576K
}
Event: 6.412 GC heap after
{Heap after GC invocations=3 (full 0):
 garbage-first heap   total 131072K, used 18238K [0x0000000080a00000, 0x0000000100000000)
  region size 1024K, 2 young (2048K), 2 survivors (2048K)
 Metaspace       used 11082K, capacity 11240K, committed 11520K, reserved 1058816K
  class space    used 1122K, capacity 1200K, committed 1280K, reserved 1048576K
}

